<?xml version="1.0" encoding="UTF-8"?>
<coverage generated="1604771680283" clover="3.2.0">
  <project timestamp="1604771680283" name="All files">
    <metrics statements="55" coveredstatements="55" conditionals="31" coveredconditionals="30" methods="21" coveredmethods="21" elements="107" coveredelements="106" complexity="0" loc="55" ncloc="55" packages="2" files="6" classes="6"/>
    <package name="classes">
      <metrics statements="43" coveredstatements="43" conditionals="17" coveredconditionals="17" methods="17" coveredmethods="17"/>
      <file name="Atom.ts" path="/Users/maurocenturion/dev/atomic-strings/src/classes/Atom.ts">
        <metrics statements="16" coveredstatements="16" conditionals="12" coveredconditionals="12" methods="5" coveredmethods="5"/>
        <line num="13" count="32" type="stmt"/>
        <line num="15" count="32" type="cond" truecount="4" falsecount="0"/>
        <line num="16" count="4" type="stmt"/>
        <line num="19" count="28" type="stmt"/>
        <line num="20" count="28" type="stmt"/>
        <line num="24" count="33" type="stmt"/>
        <line num="28" count="39" type="stmt"/>
        <line num="30" count="39" type="cond" truecount="2" falsecount="0"/>
        <line num="31" count="6" type="stmt"/>
        <line num="34" count="33" type="stmt"/>
        <line num="38" count="4" type="stmt"/>
        <line num="42" count="26" type="cond" truecount="2" falsecount="0"/>
        <line num="43" count="25" type="cond" truecount="2" falsecount="0"/>
        <line num="44" count="24" type="cond" truecount="2" falsecount="0"/>
        <line num="45" count="1" type="stmt"/>
        <line num="48" count="1" type="stmt"/>
      </file>
      <file name="Errorable.ts" path="/Users/maurocenturion/dev/atomic-strings/src/classes/Errorable.ts">
        <metrics statements="1" coveredstatements="1" conditionals="0" coveredconditionals="0" methods="1" coveredmethods="1"/>
        <line num="5" count="10" type="stmt"/>
      </file>
      <file name="Template.ts" path="/Users/maurocenturion/dev/atomic-strings/src/classes/Template.ts">
        <metrics statements="26" coveredstatements="26" conditionals="5" coveredconditionals="5" methods="11" coveredmethods="11"/>
        <line num="15" count="24" type="stmt"/>
        <line num="17" count="24" type="stmt"/>
        <line num="18" count="21" type="stmt"/>
        <line num="19" count="20" type="stmt"/>
        <line num="20" count="20" type="stmt"/>
        <line num="24" count="5" type="stmt"/>
        <line num="28" count="7" type="stmt"/>
        <line num="32" count="25" type="stmt"/>
        <line num="34" count="25" type="stmt"/>
        <line num="35" count="30" type="stmt"/>
        <line num="38" count="25" type="stmt"/>
        <line num="42" count="20" type="stmt"/>
        <line num="44" count="20" type="cond" truecount="2" falsecount="0"/>
        <line num="45" count="1" type="stmt"/>
        <line num="47" count="19" type="stmt"/>
        <line num="48" count="19" type="stmt"/>
        <line num="50" count="19" type="stmt"/>
        <line num="53" count="20" type="stmt"/>
        <line num="57" count="5" type="stmt"/>
        <line num="59" count="2" type="stmt"/>
        <line num="61" count="2" type="stmt"/>
        <line num="65" count="6" type="stmt"/>
        <line num="69" count="21" type="stmt"/>
        <line num="70" count="5" type="stmt"/>
        <line num="75" count="29" type="cond" truecount="2" falsecount="0"/>
        <line num="76" count="6" type="stmt"/>
      </file>
    </package>
    <package name="utils">
      <metrics statements="12" coveredstatements="12" conditionals="14" coveredconditionals="13" methods="4" coveredmethods="4"/>
      <file name="atomHelpers.ts" path="/Users/maurocenturion/dev/atomic-strings/src/utils/atomHelpers.ts">
        <metrics statements="8" coveredstatements="8" conditionals="12" coveredconditionals="11" methods="2" coveredmethods="2"/>
        <line num="5" count="57" type="cond" truecount="2" falsecount="0"/>
        <line num="9" count="54" type="stmt"/>
        <line num="11" count="54" type="cond" truecount="2" falsecount="0"/>
        <line num="12" count="3" type="stmt"/>
        <line num="15" count="51" type="cond" truecount="4" falsecount="0"/>
        <line num="16" count="44" type="stmt"/>
        <line num="19" count="7" type="cond" truecount="3" falsecount="1"/>
        <line num="20" count="7" type="stmt"/>
      </file>
      <file name="stringHelpers.ts" path="/Users/maurocenturion/dev/atomic-strings/src/utils/stringHelpers.ts">
        <metrics statements="3" coveredstatements="3" conditionals="0" coveredconditionals="0" methods="1" coveredmethods="1"/>
        <line num="4" count="30" type="stmt"/>
        <line num="6" count="30" type="stmt"/>
        <line num="8" count="30" type="stmt"/>
      </file>
      <file name="templateHelpers.ts" path="/Users/maurocenturion/dev/atomic-strings/src/utils/templateHelpers.ts">
        <metrics statements="1" coveredstatements="1" conditionals="2" coveredconditionals="2" methods="1" coveredmethods="1"/>
        <line num="2" count="29" type="cond" truecount="2" falsecount="0"/>
      </file>
    </package>
  </project>
</coverage>
