{"/Users/maurocenturion/dev/atomic-strings/src/classes/Atom.ts": {"path":"/Users/maurocenturion/dev/atomic-strings/src/classes/Atom.ts","statementMap":{"0":{"start":{"line":13,"column":4},"end":{"line":13,"column":12}},"1":{"start":{"line":15,"column":4},"end":{"line":17,"column":5}},"2":{"start":{"line":16,"column":6},"end":{"line":16,"column":40}},"3":{"start":{"line":19,"column":4},"end":{"line":19,"column":20}},"4":{"start":{"line":20,"column":4},"end":{"line":20,"column":24}},"5":{"start":{"line":24,"column":4},"end":{"line":24,"column":21}},"6":{"start":{"line":28,"column":28},"end":{"line":28,"column":52}},"7":{"start":{"line":30,"column":4},"end":{"line":32,"column":5}},"8":{"start":{"line":31,"column":6},"end":{"line":31,"column":40}},"9":{"start":{"line":34,"column":4},"end":{"line":34,"column":33}},"10":{"start":{"line":38,"column":4},"end":{"line":38,"column":33}},"11":{"start":{"line":42,"column":4},"end":{"line":50,"column":5}},"12":{"start":{"line":43,"column":6},"end":{"line":49,"column":7}},"13":{"start":{"line":44,"column":8},"end":{"line":46,"column":9}},"14":{"start":{"line":45,"column":10},"end":{"line":45,"column":33}},"15":{"start":{"line":48,"column":8},"end":{"line":48,"column":29}}},"fnMap":{"0":{"name":"(anonymous_0)","decl":{"start":{"line":12,"column":2},"end":{"line":12,"column":3}},"loc":{"start":{"line":12,"column":56},"end":{"line":21,"column":3}},"line":12},"1":{"name":"(anonymous_1)","decl":{"start":{"line":23,"column":2},"end":{"line":23,"column":3}},"loc":{"start":{"line":23,"column":20},"end":{"line":25,"column":3}},"line":23},"2":{"name":"(anonymous_2)","decl":{"start":{"line":27,"column":2},"end":{"line":27,"column":3}},"loc":{"start":{"line":27,"column":22},"end":{"line":35,"column":3}},"line":27},"3":{"name":"(anonymous_3)","decl":{"start":{"line":37,"column":2},"end":{"line":37,"column":3}},"loc":{"start":{"line":37,"column":33},"end":{"line":39,"column":3}},"line":37},"4":{"name":"(anonymous_4)","decl":{"start":{"line":41,"column":2},"end":{"line":41,"column":3}},"loc":{"start":{"line":41,"column":75},"end":{"line":51,"column":3}},"line":41}},"branchMap":{"0":{"loc":{"start":{"line":15,"column":4},"end":{"line":17,"column":5}},"type":"if","locations":[{"start":{"line":15,"column":4},"end":{"line":17,"column":5}},{"start":{"line":15,"column":4},"end":{"line":17,"column":5}}],"line":15},"1":{"loc":{"start":{"line":15,"column":10},"end":{"line":15,"column":56}},"type":"binary-expr","locations":[{"start":{"line":15,"column":10},"end":{"line":15,"column":29}},{"start":{"line":15,"column":33},"end":{"line":15,"column":56}}],"line":15},"2":{"loc":{"start":{"line":30,"column":4},"end":{"line":32,"column":5}},"type":"if","locations":[{"start":{"line":30,"column":4},"end":{"line":32,"column":5}},{"start":{"line":30,"column":4},"end":{"line":32,"column":5}}],"line":30},"3":{"loc":{"start":{"line":42,"column":4},"end":{"line":50,"column":5}},"type":"if","locations":[{"start":{"line":42,"column":4},"end":{"line":50,"column":5}},{"start":{"line":42,"column":4},"end":{"line":50,"column":5}}],"line":42},"4":{"loc":{"start":{"line":43,"column":6},"end":{"line":49,"column":7}},"type":"if","locations":[{"start":{"line":43,"column":6},"end":{"line":49,"column":7}},{"start":{"line":43,"column":6},"end":{"line":49,"column":7}}],"line":43},"5":{"loc":{"start":{"line":44,"column":8},"end":{"line":46,"column":9}},"type":"if","locations":[{"start":{"line":44,"column":8},"end":{"line":46,"column":9}},{"start":{"line":44,"column":8},"end":{"line":46,"column":9}}],"line":44}},"s":{"0":32,"1":32,"2":4,"3":28,"4":28,"5":33,"6":39,"7":39,"8":6,"9":33,"10":4,"11":26,"12":25,"13":24,"14":1,"15":1},"f":{"0":32,"1":33,"2":39,"3":4,"4":26},"b":{"0":[4,28],"1":[32,30],"2":[6,33],"3":[25,1],"4":[24,1],"5":[1,23]},"_coverageSchema":"1a1c01bbd47fc00a2c39e90264f33305004495a9","hash":"05b4772e0df7503e77dbfaf2ad059f746ffb1d32"}
,"/Users/maurocenturion/dev/atomic-strings/src/classes/Errorable.ts": {"path":"/Users/maurocenturion/dev/atomic-strings/src/classes/Errorable.ts","statementMap":{"0":{"start":{"line":5,"column":4},"end":{"line":5,"column":54}}},"fnMap":{"0":{"name":"(anonymous_0)","decl":{"start":{"line":4,"column":2},"end":{"line":4,"column":3}},"loc":{"start":{"line":4,"column":53},"end":{"line":6,"column":3}},"line":4}},"branchMap":{},"s":{"0":10},"f":{"0":10},"b":{},"_coverageSchema":"1a1c01bbd47fc00a2c39e90264f33305004495a9","hash":"373f887275309ddfae1b19344cea5ff3946d0156"}
,"/Users/maurocenturion/dev/atomic-strings/src/classes/Template.ts": {"path":"/Users/maurocenturion/dev/atomic-strings/src/classes/Template.ts","statementMap":{"0":{"start":{"line":15,"column":4},"end":{"line":15,"column":12}},"1":{"start":{"line":17,"column":4},"end":{"line":17,"column":36}},"2":{"start":{"line":18,"column":4},"end":{"line":18,"column":30}},"3":{"start":{"line":19,"column":4},"end":{"line":19,"column":30}},"4":{"start":{"line":20,"column":4},"end":{"line":20,"column":24}},"5":{"start":{"line":24,"column":4},"end":{"line":24,"column":23}},"6":{"start":{"line":28,"column":4},"end":{"line":28,"column":26}},"7":{"start":{"line":32,"column":23},"end":{"line":32,"column":37}},"8":{"start":{"line":34,"column":4},"end":{"line":36,"column":7}},"9":{"start":{"line":35,"column":6},"end":{"line":35,"column":62}},"10":{"start":{"line":38,"column":4},"end":{"line":38,"column":24}},"11":{"start":{"line":42,"column":4},"end":{"line":42,"column":30}},"12":{"start":{"line":44,"column":4},"end":{"line":51,"column":5}},"13":{"start":{"line":45,"column":6},"end":{"line":45,"column":38}},"14":{"start":{"line":47,"column":26},"end":{"line":47,"column":39}},"15":{"start":{"line":48,"column":22},"end":{"line":48,"column":50}},"16":{"start":{"line":50,"column":6},"end":{"line":50,"column":41}},"17":{"start":{"line":53,"column":4},"end":{"line":53,"column":16}},"18":{"start":{"line":57,"column":4},"end":{"line":57,"column":36}},"19":{"start":{"line":59,"column":4},"end":{"line":59,"column":30}},"20":{"start":{"line":61,"column":4},"end":{"line":61,"column":16}},"21":{"start":{"line":65,"column":4},"end":{"line":65,"column":37}},"22":{"start":{"line":69,"column":4},"end":{"line":71,"column":7}},"23":{"start":{"line":70,"column":6},"end":{"line":70,"column":42}},"24":{"start":{"line":75,"column":4},"end":{"line":77,"column":5}},"25":{"start":{"line":76,"column":6},"end":{"line":76,"column":37}}},"fnMap":{"0":{"name":"(anonymous_0)","decl":{"start":{"line":14,"column":2},"end":{"line":14,"column":3}},"loc":{"start":{"line":14,"column":45},"end":{"line":21,"column":3}},"line":14},"1":{"name":"(anonymous_1)","decl":{"start":{"line":23,"column":2},"end":{"line":23,"column":3}},"loc":{"start":{"line":23,"column":37},"end":{"line":25,"column":3}},"line":23},"2":{"name":"(anonymous_2)","decl":{"start":{"line":27,"column":2},"end":{"line":27,"column":3}},"loc":{"start":{"line":27,"column":25},"end":{"line":29,"column":3}},"line":27},"3":{"name":"(anonymous_3)","decl":{"start":{"line":31,"column":2},"end":{"line":31,"column":3}},"loc":{"start":{"line":31,"column":22},"end":{"line":39,"column":3}},"line":31},"4":{"name":"(anonymous_4)","decl":{"start":{"line":34,"column":39},"end":{"line":34,"column":40}},"loc":{"start":{"line":34,"column":49},"end":{"line":36,"column":5}},"line":34},"5":{"name":"(anonymous_5)","decl":{"start":{"line":41,"column":2},"end":{"line":41,"column":3}},"loc":{"start":{"line":41,"column":72},"end":{"line":54,"column":3}},"line":41},"6":{"name":"(anonymous_6)","decl":{"start":{"line":56,"column":2},"end":{"line":56,"column":3}},"loc":{"start":{"line":56,"column":44},"end":{"line":62,"column":3}},"line":56},"7":{"name":"(anonymous_7)","decl":{"start":{"line":64,"column":2},"end":{"line":64,"column":3}},"loc":{"start":{"line":64,"column":33},"end":{"line":66,"column":3}},"line":64},"8":{"name":"(anonymous_8)","decl":{"start":{"line":68,"column":2},"end":{"line":68,"column":3}},"loc":{"start":{"line":68,"column":54},"end":{"line":72,"column":3}},"line":68},"9":{"name":"(anonymous_9)","decl":{"start":{"line":69,"column":34},"end":{"line":69,"column":35}},"loc":{"start":{"line":69,"column":51},"end":{"line":71,"column":5}},"line":69},"10":{"name":"(anonymous_10)","decl":{"start":{"line":74,"column":2},"end":{"line":74,"column":3}},"loc":{"start":{"line":74,"column":45},"end":{"line":78,"column":3}},"line":74}},"branchMap":{"0":{"loc":{"start":{"line":14,"column":33},"end":{"line":14,"column":43}},"type":"default-arg","locations":[{"start":{"line":14,"column":41},"end":{"line":14,"column":43}}],"line":14},"1":{"loc":{"start":{"line":44,"column":4},"end":{"line":51,"column":5}},"type":"if","locations":[{"start":{"line":44,"column":4},"end":{"line":51,"column":5}},{"start":{"line":44,"column":4},"end":{"line":51,"column":5}}],"line":44},"2":{"loc":{"start":{"line":75,"column":4},"end":{"line":77,"column":5}},"type":"if","locations":[{"start":{"line":75,"column":4},"end":{"line":77,"column":5}},{"start":{"line":75,"column":4},"end":{"line":77,"column":5}}],"line":75}},"s":{"0":24,"1":24,"2":21,"3":20,"4":20,"5":5,"6":7,"7":25,"8":25,"9":30,"10":25,"11":20,"12":20,"13":1,"14":19,"15":19,"16":19,"17":20,"18":5,"19":2,"20":2,"21":6,"22":21,"23":5,"24":29,"25":6},"f":{"0":24,"1":5,"2":7,"3":25,"4":30,"5":20,"6":5,"7":6,"8":21,"9":5,"10":29},"b":{"0":[22],"1":[1,19],"2":[6,23]},"_coverageSchema":"1a1c01bbd47fc00a2c39e90264f33305004495a9","hash":"10c0e1060a76036dd1f6dd7eefb13b0c754607b5"}
,"/Users/maurocenturion/dev/atomic-strings/src/utils/atomHelpers.ts": {"path":"/Users/maurocenturion/dev/atomic-strings/src/utils/atomHelpers.ts","statementMap":{"0":{"start":{"line":5,"column":2},"end":{"line":5,"column":31}},"1":{"start":{"line":9,"column":24},"end":{"line":9,"column":39}},"2":{"start":{"line":11,"column":2},"end":{"line":13,"column":3}},"3":{"start":{"line":12,"column":4},"end":{"line":12,"column":17}},"4":{"start":{"line":15,"column":2},"end":{"line":17,"column":3}},"5":{"start":{"line":16,"column":4},"end":{"line":16,"column":16}},"6":{"start":{"line":19,"column":2},"end":{"line":21,"column":3}},"7":{"start":{"line":20,"column":4},"end":{"line":20,"column":16}}},"fnMap":{"0":{"name":"isValidAtomKey","decl":{"start":{"line":4,"column":16},"end":{"line":4,"column":30}},"loc":{"start":{"line":4,"column":55},"end":{"line":6,"column":1}},"line":4},"1":{"name":"isValidAtomValue","decl":{"start":{"line":8,"column":16},"end":{"line":8,"column":32}},"loc":{"start":{"line":8,"column":71},"end":{"line":22,"column":1}},"line":8}},"branchMap":{"0":{"loc":{"start":{"line":5,"column":12},"end":{"line":5,"column":29}},"type":"binary-expr","locations":[{"start":{"line":5,"column":12},"end":{"line":5,"column":15}},{"start":{"line":5,"column":19},"end":{"line":5,"column":29}}],"line":5},"1":{"loc":{"start":{"line":11,"column":2},"end":{"line":13,"column":3}},"type":"if","locations":[{"start":{"line":11,"column":2},"end":{"line":13,"column":3}},{"start":{"line":11,"column":2},"end":{"line":13,"column":3}}],"line":11},"2":{"loc":{"start":{"line":15,"column":2},"end":{"line":17,"column":3}},"type":"if","locations":[{"start":{"line":15,"column":2},"end":{"line":17,"column":3}},{"start":{"line":15,"column":2},"end":{"line":17,"column":3}}],"line":15},"3":{"loc":{"start":{"line":15,"column":6},"end":{"line":15,"column":48}},"type":"binary-expr","locations":[{"start":{"line":15,"column":6},"end":{"line":15,"column":24}},{"start":{"line":15,"column":28},"end":{"line":15,"column":48}}],"line":15},"4":{"loc":{"start":{"line":19,"column":2},"end":{"line":21,"column":3}},"type":"if","locations":[{"start":{"line":19,"column":2},"end":{"line":21,"column":3}},{"start":{"line":19,"column":2},"end":{"line":21,"column":3}}],"line":19},"5":{"loc":{"start":{"line":19,"column":6},"end":{"line":19,"column":58}},"type":"binary-expr","locations":[{"start":{"line":19,"column":6},"end":{"line":19,"column":31}},{"start":{"line":19,"column":35},"end":{"line":19,"column":58}}],"line":19}},"s":{"0":57,"1":54,"2":54,"3":3,"4":51,"5":44,"6":7,"7":7},"f":{"0":57,"1":54},"b":{"0":[57,54],"1":[3,51],"2":[44,7],"3":[51,44],"4":[7,0],"5":[7,7]},"_coverageSchema":"1a1c01bbd47fc00a2c39e90264f33305004495a9","hash":"2749134e7f13cd5e90fb0607ced12d48b5015e86"}
,"/Users/maurocenturion/dev/atomic-strings/src/utils/stringHelpers.ts": {"path":"/Users/maurocenturion/dev/atomic-strings/src/utils/stringHelpers.ts","statementMap":{"0":{"start":{"line":4,"column":21},"end":{"line":4,"column":26}},"1":{"start":{"line":6,"column":2},"end":{"line":6,"column":91}},"2":{"start":{"line":8,"column":2},"end":{"line":8,"column":22}}},"fnMap":{"0":{"name":"replaceAllOccurences","decl":{"start":{"line":3,"column":16},"end":{"line":3,"column":36}},"loc":{"start":{"line":3,"column":76},"end":{"line":9,"column":1}},"line":3}},"branchMap":{},"s":{"0":30,"1":30,"2":30},"f":{"0":30},"b":{},"_coverageSchema":"1a1c01bbd47fc00a2c39e90264f33305004495a9","hash":"b08a13931fb1d19bb556a91b357fc944fd67a667"}
,"/Users/maurocenturion/dev/atomic-strings/src/utils/templateHelpers.ts": {"path":"/Users/maurocenturion/dev/atomic-strings/src/utils/templateHelpers.ts","statementMap":{"0":{"start":{"line":2,"column":2},"end":{"line":2,"column":41}}},"fnMap":{"0":{"name":"isValidTemplate","decl":{"start":{"line":1,"column":16},"end":{"line":1,"column":31}},"loc":{"start":{"line":1,"column":61},"end":{"line":3,"column":1}},"line":1}},"branchMap":{"0":{"loc":{"start":{"line":2,"column":12},"end":{"line":2,"column":39}},"type":"binary-expr","locations":[{"start":{"line":2,"column":12},"end":{"line":2,"column":20}},{"start":{"line":2,"column":24},"end":{"line":2,"column":39}}],"line":2}},"s":{"0":29},"f":{"0":29},"b":{"0":[29,23]},"_coverageSchema":"1a1c01bbd47fc00a2c39e90264f33305004495a9","hash":"0b2d7de1b2e00be583fa299bfdc8553f50770e3e"}
}
