TN:
SF:src/classes/Atom.ts
FN:12,(anonymous_0)
FN:23,(anonymous_1)
FN:27,(anonymous_2)
FN:37,(anonymous_3)
FN:41,(anonymous_4)
FNF:5
FNH:5
FNDA:32,(anonymous_0)
FNDA:33,(anonymous_1)
FNDA:39,(anonymous_2)
FNDA:4,(anonymous_3)
FNDA:26,(anonymous_4)
DA:13,32
DA:15,32
DA:16,4
DA:19,28
DA:20,28
DA:24,33
DA:28,39
DA:30,39
DA:31,6
DA:34,33
DA:38,4
DA:42,26
DA:43,25
DA:44,24
DA:45,1
DA:48,1
LF:16
LH:16
BRDA:15,0,0,4
BRDA:15,0,1,28
BRDA:15,1,0,32
BRDA:15,1,1,30
BRDA:30,2,0,6
BRDA:30,2,1,33
BRDA:42,3,0,25
BRDA:42,3,1,1
BRDA:43,4,0,24
BRDA:43,4,1,1
BRDA:44,5,0,1
BRDA:44,5,1,23
BRF:12
BRH:12
end_of_record
TN:
SF:src/classes/Errorable.ts
FN:4,(anonymous_0)
FNF:1
FNH:1
FNDA:10,(anonymous_0)
DA:5,10
LF:1
LH:1
BRF:0
BRH:0
end_of_record
TN:
SF:src/classes/Template.ts
FN:14,(anonymous_0)
FN:23,(anonymous_1)
FN:27,(anonymous_2)
FN:31,(anonymous_3)
FN:34,(anonymous_4)
FN:41,(anonymous_5)
FN:56,(anonymous_6)
FN:64,(anonymous_7)
FN:68,(anonymous_8)
FN:69,(anonymous_9)
FN:74,(anonymous_10)
FNF:11
FNH:11
FNDA:24,(anonymous_0)
FNDA:5,(anonymous_1)
FNDA:7,(anonymous_2)
FNDA:25,(anonymous_3)
FNDA:30,(anonymous_4)
FNDA:20,(anonymous_5)
FNDA:5,(anonymous_6)
FNDA:6,(anonymous_7)
FNDA:21,(anonymous_8)
FNDA:5,(anonymous_9)
FNDA:29,(anonymous_10)
DA:15,24
DA:17,24
DA:18,21
DA:19,20
DA:20,20
DA:24,5
DA:28,7
DA:32,25
DA:34,25
DA:35,30
DA:38,25
DA:42,20
DA:44,20
DA:45,1
DA:47,19
DA:48,19
DA:50,19
DA:53,20
DA:57,5
DA:59,2
DA:61,2
DA:65,6
DA:69,21
DA:70,5
DA:75,29
DA:76,6
LF:26
LH:26
BRDA:14,0,0,22
BRDA:44,1,0,1
BRDA:44,1,1,19
BRDA:75,2,0,6
BRDA:75,2,1,23
BRF:5
BRH:5
end_of_record
TN:
SF:src/utils/atomHelpers.ts
FN:4,isValidAtomKey
FN:8,isValidAtomValue
FNF:2
FNH:2
FNDA:57,isValidAtomKey
FNDA:54,isValidAtomValue
DA:5,57
DA:9,54
DA:11,54
DA:12,3
DA:15,51
DA:16,44
DA:19,7
DA:20,7
LF:8
LH:8
BRDA:5,0,0,57
BRDA:5,0,1,54
BRDA:11,1,0,3
BRDA:11,1,1,51
BRDA:15,2,0,44
BRDA:15,2,1,7
BRDA:15,3,0,51
BRDA:15,3,1,44
BRDA:19,4,0,7
BRDA:19,4,1,0
BRDA:19,5,0,7
BRDA:19,5,1,7
BRF:12
BRH:11
end_of_record
TN:
SF:src/utils/stringHelpers.ts
FN:3,replaceAllOccurences
FNF:1
FNH:1
FNDA:30,replaceAllOccurences
DA:4,30
DA:6,30
DA:8,30
LF:3
LH:3
BRF:0
BRH:0
end_of_record
TN:
SF:src/utils/templateHelpers.ts
FN:1,isValidTemplate
FNF:1
FNH:1
FNDA:29,isValidTemplate
DA:2,29
LF:1
LH:1
BRDA:2,0,0,29
BRDA:2,0,1,23
BRF:2
BRH:2
end_of_record
